<?xml version="1.0" encoding="UTF-8"?>
<testsuite name="com.example.UsersCRUD.controller.UserControllerTest" tests="17" skipped="0" failures="0" errors="0" timestamp="2024-04-27T13:55:31" hostname="YEHORPC" time="1.948">
  <properties/>
  <testcase name="updateUserFull_failedEmail()" classname="com.example.UsersCRUD.controller.UserControllerTest" time="1.829"/>
  <testcase name="updateUsersFieldById_success()" classname="com.example.UsersCRUD.controller.UserControllerTest" time="0.006"/>
  <testcase name="updateUserFullById_success()" classname="com.example.UsersCRUD.controller.UserControllerTest" time="0.008"/>
  <testcase name="addUser_failedEmail()" classname="com.example.UsersCRUD.controller.UserControllerTest" time="0.007"/>
  <testcase name="getUsersByRange_success()" classname="com.example.UsersCRUD.controller.UserControllerTest" time="0.009"/>
  <testcase name="addUser_failedBirthdate()" classname="com.example.UsersCRUD.controller.UserControllerTest" time="0.006"/>
  <testcase name="deleteUserById_success()" classname="com.example.UsersCRUD.controller.UserControllerTest" time="0.005"/>
  <testcase name="updateUsersField_failedId()" classname="com.example.UsersCRUD.controller.UserControllerTest" time="0.005"/>
  <testcase name="deleteUser_failedId()" classname="com.example.UsersCRUD.controller.UserControllerTest" time="0.005"/>
  <testcase name="updateUserFull_failedId()" classname="com.example.UsersCRUD.controller.UserControllerTest" time="0.004"/>
  <testcase name="getUsersByRange_failedNotFound()" classname="com.example.UsersCRUD.controller.UserControllerTest" time="0.003"/>
  <testcase name="getUsersByRange_failedIncorrectDates()" classname="com.example.UsersCRUD.controller.UserControllerTest" time="0.004"/>
  <testcase name="addUser_failedName()" classname="com.example.UsersCRUD.controller.UserControllerTest" time="0.003"/>
  <testcase name="addUser_success()" classname="com.example.UsersCRUD.controller.UserControllerTest" time="0.003"/>
  <testcase name="updateUsersField_failedEmail()" classname="com.example.UsersCRUD.controller.UserControllerTest" time="0.004"/>
  <testcase name="updateUsersField_failedField()" classname="com.example.UsersCRUD.controller.UserControllerTest" time="0.002"/>
  <testcase name="updateUsersField_failedBirthdate()" classname="com.example.UsersCRUD.controller.UserControllerTest" time="0.003"/>
  <system-out><![CDATA[]]></system-out>
  <system-err><![CDATA[WARNING: A Java agent has been loaded dynamically (C:\Users\Yehor\.gradle\caches\modules-2\files-2.1\net.bytebuddy\byte-buddy-agent\1.14.13\979ce25f7d3096a2e82214ba7dc972a05ce7a171\byte-buddy-agent-1.14.13.jar)
WARNING: If a serviceability tool is in use, please run with -XX:+EnableDynamicAgentLoading to hide this warning
WARNING: If a serviceability tool is not in use, please run with -Djdk.instrument.traceUsage for more information
WARNING: Dynamic loading of agents will be disallowed by default in a future release
]]></system-err>
</testsuite>
